# JRE version: Java(TM) SE Runtime Environment (11.0.4+10) (build 11.0.4+10-LTS)
# Java VM: Java HotSpot(TM) 64-Bit Server VM (11.0.4+10-LTS, mixed mode, tiered, compressed oops, g1 gc, windows-amd64)
Heap:
 garbage-first heap   total 262144K, used 80234K [0x0000000080c00000, 0x0000000100000000)
  region size 1024K, 33 young (33792K), 16 survivors (16384K)
 Metaspace       used 72015K, capacity 74147K, committed 74316K, reserved 1114112K
  class space    used 9606K, capacity 10458K, committed 10572K, reserved 1048576K
GC Heap History (10 events):
Event: 12.560 GC heap before
{Heap before GC invocations=22 (full 0):
 garbage-first heap   total 262144K, used 203607K [0x0000000080c00000, 0x0000000100000000)
  region size 1024K, 153 young (156672K), 4 survivors (4096K)
 Metaspace       used 39265K, capacity 40513K, committed 40652K, reserved 1085440K
  class space    used 4944K, capacity 5470K, committed 5580K, reserved 1048576K
}
Event: 12.563 GC heap after
{Heap after GC invocations=23 (full 0):
 garbage-first heap   total 262144K, used 49392K [0x0000000080c00000, 0x0000000100000000)
  region size 1024K, 2 young (2048K), 2 survivors (2048K)
 Metaspace       used 39265K, capacity 40513K, committed 40652K, reserved 1085440K
  class space    used 4944K, capacity 5470K, committed 5580K, reserved 1048576K
}
Event: 13.310 GC heap before
{Heap before GC invocations=23 (full 0):
 garbage-first heap   total 262144K, used 204016K [0x0000000080c00000, 0x0000000100000000)
  region size 1024K, 153 young (156672K), 2 survivors (2048K)
 Metaspace       used 39265K, capacity 40513K, committed 40652K, reserved 1085440K
  class space    used 4944K, capacity 5470K, committed 5580K, reserved 1048576K
}
Event: 13.313 GC heap after
{Heap after GC invocations=24 (full 0):
 garbage-first heap   total 262144K, used 49347K [0x0000000080c00000, 0x0000000100000000)
  region size 1024K, 2 young (2048K), 2 survivors (2048K)
 Metaspace       used 39265K, capacity 40513K, committed 40652K, reserved 1085440K
  class space    used 4944K, capacity 5470K, committed 5580K, reserved 1048576K
}
Event: 28.611 GC heap before
{Heap before GC invocations=24 (full 0):
 garbage-first heap   total 262144K, used 204995K [0x0000000080c00000, 0x0000000100000000)
  region size 1024K, 153 young (156672K), 2 survivors (2048K)
 Metaspace       used 53243K, capacity 54724K, committed 54988K, reserved 1097728K
  class space    used 6898K, capacity 7495K, committed 7628K, reserved 1048576K
}
Event: 28.622 GC heap after
{Heap after GC invocations=25 (full 0):
 garbage-first heap   total 262144K, used 54483K [0x0000000080c00000, 0x0000000100000000)
  region size 1024K, 7 young (7168K), 7 survivors (7168K)
 Metaspace       used 53243K, capacity 54724K, committed 54988K, reserved 1097728K
  class space    used 6898K, capacity 7495K, committed 7628K, reserved 1048576K
}
Event: 29.721 GC heap before
{Heap before GC invocations=25 (full 0):
 garbage-first heap   total 262144K, used 99539K [0x0000000080c00000, 0x0000000100000000)
  region size 1024K, 52 young (53248K), 7 survivors (7168K)
 Metaspace       used 58507K, capacity 60062K, committed 60236K, reserved 1101824K
  class space    used 7754K, capacity 8392K, committed 8524K, reserved 1048576K
}
Event: 29.734 GC heap after
{Heap after GC invocations=26 (full 0):
 garbage-first heap   total 262144K, used 55992K [0x0000000080c00000, 0x0000000100000000)
  region size 1024K, 8 young (8192K), 8 survivors (8192K)
 Metaspace       used 58507K, capacity 60062K, committed 60236K, reserved 1101824K
  class space    used 7754K, capacity 8392K, committed 8524K, reserved 1048576K
}
Event: 183.933 GC heap before
{Heap before GC invocations=27 (full 0):
 garbage-first heap   total 262144K, used 204472K [0x0000000080c00000, 0x0000000100000000)
  region size 1024K, 153 young (156672K), 8 survivors (8192K)
 Metaspace       used 71172K, capacity 73122K, committed 73292K, reserved 1112064K
  class space    used 9468K, capacity 10269K, committed 10316K, reserved 1048576K
}
Event: 183.955 GC heap after
{Heap after GC invocations=28 (full 0):
 garbage-first heap   total 262144K, used 63850K [0x0000000080c00000, 0x0000000100000000)
  region size 1024K, 16 young (16384K), 16 survivors (16384K)
 Metaspace       used 71172K, capacity 73122K, committed 73292K, reserved 1112064K
  class space    used 9468K, capacity 10269K, committed 10316K, reserved 1048576K
}

