# JRE version: Java(TM) SE Runtime Environment (11.0.4+10) (build 11.0.4+10-LTS)
# Java VM: Java HotSpot(TM) 64-Bit Server VM (11.0.4+10-LTS, mixed mode, tiered, compressed oops, g1 gc, windows-amd64)
Heap:
 garbage-first heap   total 157696K, used 24232K [0x0000000080c00000, 0x0000000100000000)
  region size 1024K, 15 young (15360K), 2 survivors (2048K)
 Metaspace       used 20627K, capacity 21111K, committed 21248K, reserved 1067008K
  class space    used 2472K, capacity 2693K, committed 2816K, reserved 1048576K
GC Heap History (10 events):
Event: 0.809 GC heap after
{Heap after GC invocations=1 (full 0):
 garbage-first heap   total 131072K, used 8107K [0x0000000080c00000, 0x0000000100000000)
  region size 1024K, 2 young (2048K), 2 survivors (2048K)
 Metaspace       used 8593K, capacity 8753K, committed 8960K, reserved 1056768K
  class space    used 865K, capacity 926K, committed 1024K, reserved 1048576K
}
Event: 1.283 GC heap before
{Heap before GC invocations=1 (full 0):
 garbage-first heap   total 131072K, used 13227K [0x0000000080c00000, 0x0000000100000000)
  region size 1024K, 7 young (7168K), 2 survivors (2048K)
 Metaspace       used 12205K, capacity 12521K, committed 12800K, reserved 1060864K
  class space    used 1287K, capacity 1438K, committed 1536K, reserved 1048576K
}
Event: 1.289 GC heap after
{Heap after GC invocations=2 (full 0):
 garbage-first heap   total 131072K, used 9113K [0x0000000080c00000, 0x0000000100000000)
  region size 1024K, 1 young (1024K), 1 survivors (1024K)
 Metaspace       used 12205K, capacity 12521K, committed 12800K, reserved 1060864K
  class space    used 1287K, capacity 1438K, committed 1536K, reserved 1048576K
}
Event: 1.579 GC heap before
{Heap before GC invocations=2 (full 0):
 garbage-first heap   total 131072K, used 27545K [0x0000000080c00000, 0x0000000100000000)
  region size 1024K, 20 young (20480K), 1 survivors (1024K)
 Metaspace       used 14562K, capacity 14884K, committed 15104K, reserved 1062912K
  class space    used 1556K, capacity 1696K, committed 1792K, reserved 1048576K
}
Event: 1.583 GC heap after
{Heap after GC invocations=3 (full 0):
 garbage-first heap   total 131072K, used 10230K [0x0000000080c00000, 0x0000000100000000)
  region size 1024K, 2 young (2048K), 2 survivors (2048K)
 Metaspace       used 14562K, capacity 14884K, committed 15104K, reserved 1062912K
  class space    used 1556K, capacity 1696K, committed 1792K, reserved 1048576K
}
Event: 1.595 GC heap before
{Heap before GC invocations=3 (full 0):
 garbage-first heap   total 131072K, used 37878K [0x0000000080c00000, 0x0000000100000000)
  region size 1024K, 30 young (30720K), 2 survivors (2048K)
 Metaspace       used 14562K, capacity 14884K, committed 15104K, reserved 1062912K
  class space    used 1556K, capacity 1696K, committed 1792K, reserved 1048576K
}
Event: 1.599 GC heap after
{Heap after GC invocations=4 (full 0):
 garbage-first heap   total 131072K, used 10227K [0x0000000080c00000, 0x0000000100000000)
  region size 1024K, 2 young (2048K), 2 survivors (2048K)
 Metaspace       used 14562K, capacity 14884K, committed 15104K, reserved 1062912K
  class space    used 1556K, capacity 1696K, committed 1792K, reserved 1048576K
}
Event: 2.070 GC heap before
{Heap before GC invocations=4 (full 0):
 garbage-first heap   total 131072K, used 55283K [0x0000000080c00000, 0x0000000100000000)
  region size 1024K, 47 young (48128K), 2 survivors (2048K)
 Metaspace       used 19161K, capacity 19633K, committed 19968K, reserved 1067008K
  class space    used 2254K, capacity 2456K, committed 2560K, reserved 1048576K
}
Event: 2.077 GC heap after
{Heap after GC invocations=5 (full 0):
 garbage-first heap   total 157696K, used 11430K [0x0000000080c00000, 0x0000000100000000)
  region size 1024K, 4 young (4096K), 4 survivors (4096K)
 Metaspace       used 19161K, capacity 19633K, committed 19968K, reserved 1067008K
  class space    used 2254K, capacity 2456K, committed 2560K, reserved 1048576K
}
Event: 2.178 GC heap before
{Heap before GC invocations=5 (full 0):
 garbage-first heap   total 157696K, used 23718K [0x0000000080c00000, 0x0000000100000000)
  region size 1024K, 17 young (17408K), 4 survivors (4096K)
 Metaspace       used 20627K, capacity 21111K, committed 21248K, reserved 1067008K
  class space    used 2472K, capacity 2693K, committed 2816K, reserved 1048576K
}

