# JRE version: Java(TM) SE Runtime Environment (11.0.4+10) (build 11.0.4+10-LTS)
# Java VM: Java HotSpot(TM) 64-Bit Server VM (11.0.4+10-LTS, mixed mode, tiered, compressed oops, g1 gc, windows-amd64)
Heap:
 garbage-first heap   total 338944K, used 200987K [0x0000000080c00000, 0x0000000100000000)
  region size 1024K, 152 young (155648K), 8 survivors (8192K)
 Metaspace       used 72652K, capacity 75174K, committed 75264K, reserved 1114112K
  class space    used 9717K, capacity 10686K, committed 10752K, reserved 1048576K
GC Heap History (10 events):
Event: 10.709 GC heap before
{Heap before GC invocations=20 (full 0):
 garbage-first heap   total 338944K, used 250351K [0x0000000080c00000, 0x0000000100000000)
  region size 1024K, 198 young (202752K), 4 survivors (4096K)
 Metaspace       used 39144K, capacity 40386K, committed 40576K, reserved 1085440K
  class space    used 4923K, capacity 5471K, committed 5504K, reserved 1048576K
}
Event: 10.715 GC heap after
{Heap after GC invocations=21 (full 0):
 garbage-first heap   total 338944K, used 51637K [0x0000000080c00000, 0x0000000100000000)
  region size 1024K, 4 young (4096K), 4 survivors (4096K)
 Metaspace       used 39144K, capacity 40386K, committed 40576K, reserved 1085440K
  class space    used 4923K, capacity 5471K, committed 5504K, reserved 1048576K
}
Event: 11.716 GC heap before
{Heap before GC invocations=21 (full 0):
 garbage-first heap   total 338944K, used 250293K [0x0000000080c00000, 0x0000000100000000)
  region size 1024K, 198 young (202752K), 4 survivors (4096K)
 Metaspace       used 39226K, capacity 40450K, committed 40576K, reserved 1085440K
  class space    used 4943K, capacity 5471K, committed 5504K, reserved 1048576K
}
Event: 11.723 GC heap after
{Heap after GC invocations=22 (full 0):
 garbage-first heap   total 338944K, used 50786K [0x0000000080c00000, 0x0000000100000000)
  region size 1024K, 3 young (3072K), 3 survivors (3072K)
 Metaspace       used 39226K, capacity 40450K, committed 40576K, reserved 1085440K
  class space    used 4943K, capacity 5471K, committed 5504K, reserved 1048576K
}
Event: 12.685 GC heap before
{Heap before GC invocations=22 (full 0):
 garbage-first heap   total 338944K, used 250466K [0x0000000080c00000, 0x0000000100000000)
  region size 1024K, 198 young (202752K), 3 survivors (3072K)
 Metaspace       used 39226K, capacity 40450K, committed 40576K, reserved 1085440K
  class space    used 4943K, capacity 5471K, committed 5504K, reserved 1048576K
}
Event: 12.690 GC heap after
{Heap after GC invocations=23 (full 0):
 garbage-first heap   total 338944K, used 49294K [0x0000000080c00000, 0x0000000100000000)
  region size 1024K, 2 young (2048K), 2 survivors (2048K)
 Metaspace       used 39226K, capacity 40450K, committed 40576K, reserved 1085440K
  class space    used 4943K, capacity 5471K, committed 5504K, reserved 1048576K
}
Event: 33.986 GC heap before
{Heap before GC invocations=23 (full 0):
 garbage-first heap   total 338944K, used 249998K [0x0000000080c00000, 0x0000000100000000)
  region size 1024K, 198 young (202752K), 2 survivors (2048K)
 Metaspace       used 50720K, capacity 52432K, committed 52608K, reserved 1095680K
  class space    used 6602K, capacity 7254K, committed 7296K, reserved 1048576K
}
Event: 33.998 GC heap after
{Heap after GC invocations=24 (full 0):
 garbage-first heap   total 338944K, used 54023K [0x0000000080c00000, 0x0000000100000000)
  region size 1024K, 7 young (7168K), 7 survivors (7168K)
 Metaspace       used 50720K, capacity 52432K, committed 52608K, reserved 1095680K
  class space    used 6602K, capacity 7254K, committed 7296K, reserved 1048576K
}
Event: 34.838 GC heap before
{Heap before GC invocations=24 (full 0):
 garbage-first heap   total 338944K, used 101127K [0x0000000080c00000, 0x0000000100000000)
  region size 1024K, 54 young (55296K), 7 survivors (7168K)
 Metaspace       used 57987K, capacity 59755K, committed 59904K, reserved 1101824K
  class space    used 7655K, capacity 8346K, committed 8448K, reserved 1048576K
}
Event: 34.852 GC heap after
{Heap after GC invocations=25 (full 0):
 garbage-first heap   total 338944K, used 55579K [0x0000000080c00000, 0x0000000100000000)
  region size 1024K, 8 young (8192K), 8 survivors (8192K)
 Metaspace       used 57987K, capacity 59755K, committed 59904K, reserved 1101824K
  class space    used 7655K, capacity 8346K, committed 8448K, reserved 1048576K
}

