# JRE version: Java(TM) SE Runtime Environment (11.0.4+10) (build 11.0.4+10-LTS)
# Java VM: Java HotSpot(TM) 64-Bit Server VM (11.0.4+10-LTS, mixed mode, tiered, compressed oops, g1 gc, windows-amd64)
Heap:
 garbage-first heap   total 322560K, used 117603K [0x0000000080c00000, 0x0000000100000000)
  region size 1024K, 76 young (77824K), 15 survivors (15360K)
 Metaspace       used 64364K, capacity 66259K, committed 66432K, reserved 1105920K
  class space    used 8622K, capacity 9387K, committed 9472K, reserved 1048576K
GC Heap History (10 events):
Event: 11.236 GC heap before
{Heap before GC invocations=21 (full 0):
 garbage-first heap   total 261120K, used 197379K [0x0000000080c00000, 0x0000000100000000)
  region size 1024K, 153 young (156672K), 10 survivors (10240K)
 Metaspace       used 39178K, capacity 40450K, committed 40524K, reserved 1085440K
  class space    used 4929K, capacity 5471K, committed 5504K, reserved 1048576K
}
Event: 11.251 GC heap after
{Heap after GC invocations=22 (full 0):
 garbage-first heap   total 261120K, used 51504K [0x0000000080c00000, 0x0000000100000000)
  region size 1024K, 11 young (11264K), 11 survivors (11264K)
 Metaspace       used 39178K, capacity 40450K, committed 40524K, reserved 1085440K
  class space    used 4929K, capacity 5471K, committed 5504K, reserved 1048576K
}
Event: 12.008 GC heap before
{Heap before GC invocations=22 (full 0):
 garbage-first heap   total 261120K, used 196912K [0x0000000080c00000, 0x0000000100000000)
  region size 1024K, 153 young (156672K), 11 survivors (11264K)
 Metaspace       used 39258K, capacity 40514K, committed 40780K, reserved 1085440K
  class space    used 4948K, capacity 5471K, committed 5504K, reserved 1048576K
}
Event: 12.019 GC heap after
{Heap after GC invocations=23 (full 0):
 garbage-first heap   total 322560K, used 50497K [0x0000000080c00000, 0x0000000100000000)
  region size 1024K, 10 young (10240K), 10 survivors (10240K)
 Metaspace       used 39258K, capacity 40514K, committed 40780K, reserved 1085440K
  class space    used 4948K, capacity 5471K, committed 5504K, reserved 1048576K
}
Event: 13.233 GC heap before
{Heap before GC invocations=23 (full 0):
 garbage-first heap   total 322560K, used 233793K [0x0000000080c00000, 0x0000000100000000)
  region size 1024K, 189 young (193536K), 10 survivors (10240K)
 Metaspace       used 39258K, capacity 40514K, committed 40780K, reserved 1085440K
  class space    used 4948K, capacity 5471K, committed 5504K, reserved 1048576K
}
Event: 13.242 GC heap after
{Heap after GC invocations=24 (full 0):
 garbage-first heap   total 322560K, used 49432K [0x0000000080c00000, 0x0000000100000000)
  region size 1024K, 9 young (9216K), 9 survivors (9216K)
 Metaspace       used 39258K, capacity 40514K, committed 40780K, reserved 1085440K
  class space    used 4948K, capacity 5471K, committed 5504K, reserved 1048576K
}
Event: 35.883 GC heap before
{Heap before GC invocations=24 (full 0):
 garbage-first heap   total 322560K, used 233752K [0x0000000080c00000, 0x0000000100000000)
  region size 1024K, 189 young (193536K), 9 survivors (9216K)
 Metaspace       used 43622K, capacity 45085K, committed 45388K, reserved 1089536K
  class space    used 5574K, capacity 6157K, committed 6272K, reserved 1048576K
}
Event: 35.899 GC heap after
{Heap after GC invocations=25 (full 0):
 garbage-first heap   total 322560K, used 50825K [0x0000000080c00000, 0x0000000100000000)
  region size 1024K, 10 young (10240K), 10 survivors (10240K)
 Metaspace       used 43622K, capacity 45085K, committed 45388K, reserved 1089536K
  class space    used 5574K, capacity 6157K, committed 6272K, reserved 1048576K
}
Event: 38.251 GC heap before
{Heap before GC invocations=25 (full 0):
 garbage-first heap   total 322560K, used 160393K [0x0000000080c00000, 0x0000000100000000)
  region size 1024K, 118 young (120832K), 10 survivors (10240K)
 Metaspace       used 58563K, capacity 60128K, committed 60288K, reserved 1101824K
  class space    used 7761K, capacity 8388K, committed 8448K, reserved 1048576K
}
Event: 38.271 GC heap after
{Heap after GC invocations=26 (full 0):
 garbage-first heap   total 322560K, used 56163K [0x0000000080c00000, 0x0000000100000000)
  region size 1024K, 15 young (15360K), 15 survivors (15360K)
 Metaspace       used 58563K, capacity 60128K, committed 60288K, reserved 1101824K
  class space    used 7761K, capacity 8388K, committed 8448K, reserved 1048576K
}

