# JRE version: Java(TM) SE Runtime Environment (11.0.4+10) (build 11.0.4+10-LTS)
# Java VM: Java HotSpot(TM) 64-Bit Server VM (11.0.4+10-LTS, mixed mode, tiered, compressed oops, g1 gc, windows-amd64)
Heap:
 garbage-first heap   total 308224K, used 201869K [0x0000000080c00000, 0x0000000100000000)
  region size 1024K, 152 young (155648K), 2 survivors (2048K)
 Metaspace       used 51049K, capacity 52523K, committed 52608K, reserved 1095680K
  class space    used 6646K, capacity 7276K, committed 7296K, reserved 1048576K
GC Heap History (10 events):
Event: 10.463 GC heap before
{Heap before GC invocations=19 (full 0):
 garbage-first heap   total 308224K, used 231712K [0x0000000080c00000, 0x0000000100000000)
  region size 1024K, 180 young (184320K), 3 survivors (3072K)
 Metaspace       used 39071K, capacity 40291K, committed 40576K, reserved 1085440K
  class space    used 4906K, capacity 5439K, committed 5504K, reserved 1048576K
}
Event: 10.468 GC heap after
{Heap after GC invocations=20 (full 0):
 garbage-first heap   total 308224K, used 51252K [0x0000000080c00000, 0x0000000100000000)
  region size 1024K, 4 young (4096K), 4 survivors (4096K)
 Metaspace       used 39071K, capacity 40291K, committed 40576K, reserved 1085440K
  class space    used 4906K, capacity 5439K, committed 5504K, reserved 1048576K
}
Event: 11.456 GC heap before
{Heap before GC invocations=20 (full 0):
 garbage-first heap   total 308224K, used 231476K [0x0000000080c00000, 0x0000000100000000)
  region size 1024K, 180 young (184320K), 4 survivors (4096K)
 Metaspace       used 39144K, capacity 40387K, committed 40576K, reserved 1085440K
  class space    used 4921K, capacity 5471K, committed 5504K, reserved 1048576K
}
Event: 11.461 GC heap after
{Heap after GC invocations=21 (full 0):
 garbage-first heap   total 308224K, used 51000K [0x0000000080c00000, 0x0000000100000000)
  region size 1024K, 4 young (4096K), 4 survivors (4096K)
 Metaspace       used 39144K, capacity 40387K, committed 40576K, reserved 1085440K
  class space    used 4921K, capacity 5471K, committed 5504K, reserved 1048576K
}
Event: 12.455 GC heap before
{Heap before GC invocations=21 (full 0):
 garbage-first heap   total 308224K, used 231224K [0x0000000080c00000, 0x0000000100000000)
  region size 1024K, 180 young (184320K), 4 survivors (4096K)
 Metaspace       used 39216K, capacity 40451K, committed 40576K, reserved 1085440K
  class space    used 4939K, capacity 5471K, committed 5504K, reserved 1048576K
}
Event: 12.460 GC heap after
{Heap after GC invocations=22 (full 0):
 garbage-first heap   total 308224K, used 51474K [0x0000000080c00000, 0x0000000100000000)
  region size 1024K, 4 young (4096K), 4 survivors (4096K)
 Metaspace       used 39216K, capacity 40451K, committed 40576K, reserved 1085440K
  class space    used 4939K, capacity 5471K, committed 5504K, reserved 1048576K
}
Event: 13.327 GC heap before
{Heap before GC invocations=22 (full 0):
 garbage-first heap   total 308224K, used 231698K [0x0000000080c00000, 0x0000000100000000)
  region size 1024K, 180 young (184320K), 4 survivors (4096K)
 Metaspace       used 39234K, capacity 40451K, committed 40576K, reserved 1085440K
  class space    used 4943K, capacity 5471K, committed 5504K, reserved 1048576K
}
Event: 13.330 GC heap after
{Heap after GC invocations=23 (full 0):
 garbage-first heap   total 308224K, used 49809K [0x0000000080c00000, 0x0000000100000000)
  region size 1024K, 2 young (2048K), 2 survivors (2048K)
 Metaspace       used 39234K, capacity 40451K, committed 40576K, reserved 1085440K
  class space    used 4943K, capacity 5471K, committed 5504K, reserved 1048576K
}
Event: 14.190 GC heap before
{Heap before GC invocations=23 (full 0):
 garbage-first heap   total 308224K, used 232081K [0x0000000080c00000, 0x0000000100000000)
  region size 1024K, 180 young (184320K), 2 survivors (2048K)
 Metaspace       used 39234K, capacity 40451K, committed 40576K, reserved 1085440K
  class space    used 4943K, capacity 5471K, committed 5504K, reserved 1048576K
}
Event: 14.194 GC heap after
{Heap after GC invocations=24 (full 0):
 garbage-first heap   total 308224K, used 49293K [0x0000000080c00000, 0x0000000100000000)
  region size 1024K, 2 young (2048K), 2 survivors (2048K)
 Metaspace       used 39234K, capacity 40451K, committed 40576K, reserved 1085440K
  class space    used 4943K, capacity 5471K, committed 5504K, reserved 1048576K
}

