# JRE version: Java(TM) SE Runtime Environment (11.0.4+10) (build 11.0.4+10-LTS)
# Java VM: Java HotSpot(TM) 64-Bit Server VM (11.0.4+10-LTS, mixed mode, tiered, compressed oops, g1 gc, windows-amd64)
Heap:
 garbage-first heap   total 316416K, used 119799K [0x0000000080c00000, 0x0000000100000000)
  region size 1024K, 73 young (74752K), 9 survivors (9216K)
 Metaspace       used 64073K, capacity 65943K, committed 66048K, reserved 1105920K
  class space    used 8582K, capacity 9329K, committed 9344K, reserved 1048576K
GC Heap History (10 events):
Event: 10.934 GC heap before
{Heap before GC invocations=19 (full 0):
 garbage-first heap   total 263168K, used 197619K [0x0000000080c00000, 0x0000000100000000)
  region size 1024K, 154 young (157696K), 12 survivors (12288K)
 Metaspace       used 39186K, capacity 40453K, committed 40524K, reserved 1085440K
  class space    used 4925K, capacity 5472K, committed 5504K, reserved 1048576K
}
Event: 10.957 GC heap after
{Heap after GC invocations=20 (full 0):
 garbage-first heap   total 263168K, used 51555K [0x0000000080c00000, 0x0000000100000000)
  region size 1024K, 4 young (4096K), 4 survivors (4096K)
 Metaspace       used 39186K, capacity 40453K, committed 40524K, reserved 1085440K
  class space    used 4925K, capacity 5472K, committed 5504K, reserved 1048576K
}
Event: 11.741 GC heap before
{Heap before GC invocations=20 (full 0):
 garbage-first heap   total 263168K, used 205155K [0x0000000080c00000, 0x0000000100000000)
  region size 1024K, 154 young (157696K), 4 survivors (4096K)
 Metaspace       used 39268K, capacity 40517K, committed 40780K, reserved 1085440K
  class space    used 4944K, capacity 5472K, committed 5504K, reserved 1048576K
}
Event: 11.751 GC heap after
{Heap after GC invocations=21 (full 0):
 garbage-first heap   total 316416K, used 51283K [0x0000000080c00000, 0x0000000100000000)
  region size 1024K, 4 young (4096K), 4 survivors (4096K)
 Metaspace       used 39268K, capacity 40517K, committed 40780K, reserved 1085440K
  class space    used 4944K, capacity 5472K, committed 5504K, reserved 1048576K
}
Event: 12.656 GC heap before
{Heap before GC invocations=21 (full 0):
 garbage-first heap   total 316416K, used 236627K [0x0000000080c00000, 0x0000000100000000)
  region size 1024K, 185 young (189440K), 4 survivors (4096K)
 Metaspace       used 39268K, capacity 40517K, committed 40780K, reserved 1085440K
  class space    used 4944K, capacity 5472K, committed 5504K, reserved 1048576K
}
Event: 12.659 GC heap after
{Heap after GC invocations=22 (full 0):
 garbage-first heap   total 316416K, used 49495K [0x0000000080c00000, 0x0000000100000000)
  region size 1024K, 2 young (2048K), 2 survivors (2048K)
 Metaspace       used 39268K, capacity 40517K, committed 40780K, reserved 1085440K
  class space    used 4944K, capacity 5472K, committed 5504K, reserved 1048576K
}
Event: 13.561 GC heap before
{Heap before GC invocations=22 (full 0):
 garbage-first heap   total 316416K, used 236887K [0x0000000080c00000, 0x0000000100000000)
  region size 1024K, 185 young (189440K), 2 survivors (2048K)
 Metaspace       used 39268K, capacity 40517K, committed 40780K, reserved 1085440K
  class space    used 4944K, capacity 5472K, committed 5504K, reserved 1048576K
}
Event: 13.564 GC heap after
{Heap after GC invocations=23 (full 0):
 garbage-first heap   total 316416K, used 49489K [0x0000000080c00000, 0x0000000100000000)
  region size 1024K, 2 young (2048K), 2 survivors (2048K)
 Metaspace       used 39268K, capacity 40517K, committed 40780K, reserved 1085440K
  class space    used 4944K, capacity 5472K, committed 5504K, reserved 1048576K
}
Event: 29.331 GC heap before
{Heap before GC invocations=23 (full 0):
 garbage-first heap   total 316416K, used 202065K [0x0000000080c00000, 0x0000000100000000)
  region size 1024K, 152 young (155648K), 2 survivors (2048K)
 Metaspace       used 58588K, capacity 60135K, committed 60288K, reserved 1101824K
  class space    used 7764K, capacity 8396K, committed 8448K, reserved 1048576K
}
Event: 29.345 GC heap after
{Heap after GC invocations=24 (full 0):
 garbage-first heap   total 316416K, used 56311K [0x0000000080c00000, 0x0000000100000000)
  region size 1024K, 9 young (9216K), 9 survivors (9216K)
 Metaspace       used 58588K, capacity 60135K, committed 60288K, reserved 1101824K
  class space    used 7764K, capacity 8396K, committed 8448K, reserved 1048576K
}

