# JRE version: Java(TM) SE Runtime Environment (11.0.4+10) (build 11.0.4+10-LTS)
# Java VM: Java HotSpot(TM) 64-Bit Server VM (11.0.4+10-LTS, mixed mode, tiered, compressed oops, g1 gc, windows-amd64)
Heap:
 garbage-first heap   total 189440K, used 124281K [0x0000000080c00000, 0x0000000100000000)
  region size 1024K, 117 young (119808K), 14 survivors (14336K)
 Metaspace       used 37853K, capacity 39148K, committed 39372K, reserved 1083392K
  class space    used 4760K, capacity 5272K, committed 5376K, reserved 1048576K
GC Heap History (10 events):
Event: 2.178 GC heap after
{Heap after GC invocations=6 (full 0):
 garbage-first heap   total 157696K, used 11570K [0x0000000080c00000, 0x0000000100000000)
  region size 1024K, 4 young (4096K), 4 survivors (4096K)
 Metaspace       used 20645K, capacity 21111K, committed 21248K, reserved 1067008K
  class space    used 2479K, capacity 2693K, committed 2816K, reserved 1048576K
}
Event: 2.729 GC heap before
{Heap before GC invocations=7 (full 0):
 garbage-first heap   total 157696K, used 81202K [0x0000000080c00000, 0x0000000100000000)
  region size 1024K, 73 young (74752K), 4 survivors (4096K)
 Metaspace       used 25566K, capacity 26304K, committed 26496K, reserved 1073152K
  class space    used 3125K, capacity 3429K, committed 3456K, reserved 1048576K
}
Event: 2.736 GC heap after
{Heap after GC invocations=8 (full 0):
 garbage-first heap   total 157696K, used 13123K [0x0000000080c00000, 0x0000000100000000)
  region size 1024K, 5 young (5120K), 5 survivors (5120K)
 Metaspace       used 25566K, capacity 26304K, committed 26496K, reserved 1073152K
  class space    used 3125K, capacity 3429K, committed 3456K, reserved 1048576K
}
Event: 4.103 GC heap before
{Heap before GC invocations=8 (full 0):
 garbage-first heap   total 157696K, used 101187K [0x0000000080c00000, 0x0000000100000000)
  region size 1024K, 92 young (94208K), 5 survivors (5120K)
 Metaspace       used 31867K, capacity 32968K, committed 33152K, reserved 1077248K
  class space    used 3995K, capacity 4442K, committed 4480K, reserved 1048576K
}
Event: 4.116 GC heap after
{Heap after GC invocations=9 (full 0):
 garbage-first heap   total 157696K, used 16494K [0x0000000080c00000, 0x0000000100000000)
  region size 1024K, 9 young (9216K), 9 survivors (9216K)
 Metaspace       used 31867K, capacity 32968K, committed 33152K, reserved 1077248K
  class space    used 3995K, capacity 4442K, committed 4480K, reserved 1048576K
}
Event: 4.368 GC heap before
{Heap before GC invocations=9 (full 0):
 garbage-first heap   total 157696K, used 29806K [0x0000000080c00000, 0x0000000100000000)
  region size 1024K, 23 young (23552K), 9 survivors (9216K)
 Metaspace       used 34549K, capacity 35745K, committed 35840K, reserved 1081344K
  class space    used 4378K, capacity 4864K, committed 4864K, reserved 1048576K
}
Event: 4.388 GC heap after
{Heap after GC invocations=10 (full 0):
 garbage-first heap   total 189440K, used 17480K [0x0000000080c00000, 0x0000000100000000)
  region size 1024K, 7 young (7168K), 7 survivors (7168K)
 Metaspace       used 34549K, capacity 35745K, committed 35840K, reserved 1081344K
  class space    used 4378K, capacity 4864K, committed 4864K, reserved 1048576K
}
Event: 4.791 GC heap before
{Heap before GC invocations=11 (full 0):
 garbage-first heap   total 189440K, used 122952K [0x0000000080c00000, 0x0000000100000000)
  region size 1024K, 111 young (113664K), 7 survivors (7168K)
 Metaspace       used 36826K, capacity 38093K, committed 38220K, reserved 1083392K
  class space    used 4628K, capacity 5135K, committed 5248K, reserved 1048576K
}
Event: 4.803 GC heap after
{Heap after GC invocations=12 (full 0):
 garbage-first heap   total 189440K, used 18809K [0x0000000080c00000, 0x0000000100000000)
  region size 1024K, 8 young (8192K), 8 survivors (8192K)
 Metaspace       used 36826K, capacity 38093K, committed 38220K, reserved 1083392K
  class space    used 4628K, capacity 5135K, committed 5248K, reserved 1048576K
}
Event: 5.387 GC heap before
{Heap before GC invocations=12 (full 0):
 garbage-first heap   total 189440K, used 124281K [0x0000000080c00000, 0x0000000100000000)
  region size 1024K, 111 young (113664K), 8 survivors (8192K)
 Metaspace       used 37853K, capacity 39148K, committed 39372K, reserved 1083392K
  class space    used 4760K, capacity 5272K, committed 5376K, reserved 1048576K
}

