# JRE version: Java(TM) SE Runtime Environment (11.0.4+10) (build 11.0.4+10-LTS)
# Java VM: Java HotSpot(TM) 64-Bit Server VM (11.0.4+10-LTS, mixed mode, tiered, compressed oops, g1 gc, windows-amd64)
Heap:
 garbage-first heap   total 301056K, used 147814K [0x0000000080c00000, 0x0000000100000000)
  region size 1024K, 103 young (105472K), 7 survivors (7168K)
 Metaspace       used 50968K, capacity 52365K, committed 52556K, reserved 1095680K
  class space    used 6624K, capacity 7244K, committed 7296K, reserved 1048576K
GC Heap History (10 events):
Event: 9.561 GC heap before
{Heap before GC invocations=20 (full 0):
 garbage-first heap   total 250880K, used 193252K [0x0000000080c00000, 0x0000000100000000)
  region size 1024K, 147 young (150528K), 9 survivors (9216K)
 Metaspace       used 39116K, capacity 40293K, committed 40524K, reserved 1085440K
  class space    used 4915K, capacity 5439K, committed 5504K, reserved 1048576K
}
Event: 9.571 GC heap after
{Heap after GC invocations=21 (full 0):
 garbage-first heap   total 301056K, used 51947K [0x0000000080c00000, 0x0000000100000000)
  region size 1024K, 9 young (9216K), 9 survivors (9216K)
 Metaspace       used 39116K, capacity 40293K, committed 40524K, reserved 1085440K
  class space    used 4915K, capacity 5439K, committed 5504K, reserved 1048576K
}
Event: 10.486 GC heap before
{Heap before GC invocations=21 (full 0):
 garbage-first heap   total 301056K, used 222955K [0x0000000080c00000, 0x0000000100000000)
  region size 1024K, 176 young (180224K), 9 survivors (9216K)
 Metaspace       used 39177K, capacity 40389K, committed 40524K, reserved 1085440K
  class space    used 4927K, capacity 5471K, committed 5504K, reserved 1048576K
}
Event: 10.502 GC heap after
{Heap after GC invocations=22 (full 0):
 garbage-first heap   total 301056K, used 52361K [0x0000000080c00000, 0x0000000100000000)
  region size 1024K, 9 young (9216K), 9 survivors (9216K)
 Metaspace       used 39177K, capacity 40389K, committed 40524K, reserved 1085440K
  class space    used 4927K, capacity 5471K, committed 5504K, reserved 1048576K
}
Event: 11.359 GC heap before
{Heap before GC invocations=22 (full 0):
 garbage-first heap   total 301056K, used 223369K [0x0000000080c00000, 0x0000000100000000)
  region size 1024K, 176 young (180224K), 9 survivors (9216K)
 Metaspace       used 39258K, capacity 40453K, committed 40524K, reserved 1085440K
  class space    used 4947K, capacity 5471K, committed 5504K, reserved 1048576K
}
Event: 11.374 GC heap after
{Heap after GC invocations=23 (full 0):
 garbage-first heap   total 301056K, used 51574K [0x0000000080c00000, 0x0000000100000000)
  region size 1024K, 8 young (8192K), 8 survivors (8192K)
 Metaspace       used 39258K, capacity 40453K, committed 40524K, reserved 1085440K
  class space    used 4947K, capacity 5471K, committed 5504K, reserved 1048576K
}
Event: 12.190 GC heap before
{Heap before GC invocations=23 (full 0):
 garbage-first heap   total 301056K, used 223606K [0x0000000080c00000, 0x0000000100000000)
  region size 1024K, 176 young (180224K), 8 survivors (8192K)
 Metaspace       used 39258K, capacity 40453K, committed 40524K, reserved 1085440K
  class space    used 4947K, capacity 5471K, committed 5504K, reserved 1048576K
}
Event: 12.197 GC heap after
{Heap after GC invocations=24 (full 0):
 garbage-first heap   total 301056K, used 50315K [0x0000000080c00000, 0x0000000100000000)
  region size 1024K, 7 young (7168K), 7 survivors (7168K)
 Metaspace       used 39258K, capacity 40453K, committed 40524K, reserved 1085440K
  class space    used 4947K, capacity 5471K, committed 5504K, reserved 1048576K
}
Event: 13.022 GC heap before
{Heap before GC invocations=24 (full 0):
 garbage-first heap   total 301056K, used 223371K [0x0000000080c00000, 0x0000000100000000)
  region size 1024K, 176 young (180224K), 7 survivors (7168K)
 Metaspace       used 39258K, capacity 40453K, committed 40524K, reserved 1085440K
  class space    used 4947K, capacity 5471K, committed 5504K, reserved 1048576K
}
Event: 13.029 GC heap after
{Heap after GC invocations=25 (full 0):
 garbage-first heap   total 301056K, used 50534K [0x0000000080c00000, 0x0000000100000000)
  region size 1024K, 7 young (7168K), 7 survivors (7168K)
 Metaspace       used 39258K, capacity 40453K, committed 40524K, reserved 1085440K
  class space    used 4947K, capacity 5471K, committed 5504K, reserved 1048576K
}

