# JRE version: Java(TM) SE Runtime Environment (11.0.4+10) (build 11.0.4+10-LTS)
# Java VM: Java HotSpot(TM) 64-Bit Server VM (11.0.4+10-LTS, mixed mode, tiered, compressed oops, g1 gc, windows-amd64)
Heap:
 garbage-first heap   total 157696K, used 120586K [0x0000000080c00000, 0x0000000100000000)
  region size 1024K, 73 young (74752K), 1 survivors (1024K)
 Metaspace       used 74112K, capacity 76506K, committed 76672K, reserved 1116160K
  class space    used 9870K, capacity 10785K, committed 10880K, reserved 1048576K
GC Heap History (10 events):
Event: 153.350 GC heap before
{Heap before GC invocations=40 (full 0):
 garbage-first heap   total 157696K, used 126114K [0x0000000080c00000, 0x0000000100000000)
  region size 1024K, 79 young (80896K), 8 survivors (8192K)
 Metaspace       used 64733K, capacity 66771K, committed 66816K, reserved 1105920K
  class space    used 8662K, capacity 9466K, committed 9472K, reserved 1048576K
}
Event: 153.377 GC heap after
{Heap after GC invocations=41 (full 0):
 garbage-first heap   total 157696K, used 57560K [0x0000000080c00000, 0x0000000100000000)
  region size 1024K, 8 young (8192K), 8 survivors (8192K)
 Metaspace       used 64733K, capacity 66771K, committed 66816K, reserved 1105920K
  class space    used 8662K, capacity 9466K, committed 9472K, reserved 1048576K
}
Event: 153.398 GC heap before
{Heap before GC invocations=41 (full 0):
 garbage-first heap   total 157696K, used 58584K [0x0000000080c00000, 0x0000000100000000)
  region size 1024K, 9 young (9216K), 8 survivors (8192K)
 Metaspace       used 64774K, capacity 66813K, committed 66944K, reserved 1105920K
  class space    used 8671K, capacity 9480K, committed 9600K, reserved 1048576K
}
Event: 153.409 GC heap after
{Heap after GC invocations=42 (full 0):
 garbage-first heap   total 157696K, used 45511K [0x0000000080c00000, 0x0000000100000000)
  region size 1024K, 2 young (2048K), 2 survivors (2048K)
 Metaspace       used 64774K, capacity 66813K, committed 66944K, reserved 1105920K
  class space    used 8671K, capacity 9480K, committed 9600K, reserved 1048576K
}
Event: 182.021 GC heap before
{Heap before GC invocations=42 (full 0):
 garbage-first heap   total 157696K, used 125383K [0x0000000080c00000, 0x0000000100000000)
  region size 1024K, 80 young (81920K), 2 survivors (2048K)
 Metaspace       used 72447K, capacity 74709K, committed 74880K, reserved 1114112K
  class space    used 9636K, capacity 10515K, committed 10624K, reserved 1048576K
}
Event: 182.031 GC heap after
{Heap after GC invocations=43 (full 0):
 garbage-first heap   total 157696K, used 50005K [0x0000000080c00000, 0x0000000100000000)
  region size 1024K, 6 young (6144K), 6 survivors (6144K)
 Metaspace       used 72447K, capacity 74709K, committed 74880K, reserved 1114112K
  class space    used 9636K, capacity 10515K, committed 10624K, reserved 1048576K
}
Event: 701.501 GC heap before
{Heap before GC invocations=44 (full 0):
 garbage-first heap   total 157696K, used 124757K [0x0000000080c00000, 0x0000000100000000)
  region size 1024K, 80 young (81920K), 6 survivors (6144K)
 Metaspace       used 73311K, capacity 75534K, committed 75648K, reserved 1114112K
  class space    used 9744K, capacity 10595K, committed 10624K, reserved 1048576K
}
Event: 701.516 GC heap after
{Heap after GC invocations=45 (full 0):
 garbage-first heap   total 157696K, used 50725K [0x0000000080c00000, 0x0000000100000000)
  region size 1024K, 2 young (2048K), 2 survivors (2048K)
 Metaspace       used 73311K, capacity 75534K, committed 75648K, reserved 1114112K
  class space    used 9744K, capacity 10595K, committed 10624K, reserved 1048576K
}
Event: 760.235 GC heap before
{Heap before GC invocations=45 (full 0):
 garbage-first heap   total 157696K, used 55845K [0x0000000080c00000, 0x0000000100000000)
  region size 1024K, 7 young (7168K), 2 survivors (2048K)
 Metaspace       used 73311K, capacity 75534K, committed 75648K, reserved 1114112K
  class space    used 9744K, capacity 10595K, committed 10624K, reserved 1048576K
}
Event: 760.240 GC heap after
{Heap after GC invocations=46 (full 0):
 garbage-first heap   total 157696K, used 48906K [0x0000000080c00000, 0x0000000100000000)
  region size 1024K, 1 young (1024K), 1 survivors (1024K)
 Metaspace       used 73311K, capacity 75534K, committed 75648K, reserved 1114112K
  class space    used 9744K, capacity 10595K, committed 10624K, reserved 1048576K
}

