# JRE version: Java(TM) SE Runtime Environment (11.0.4+10) (build 11.0.4+10-LTS)
# Java VM: Java HotSpot(TM) 64-Bit Server VM (11.0.4+10-LTS, mixed mode, tiered, compressed oops, g1 gc, windows-amd64)
Heap:
 garbage-first heap   total 227328K, used 151036K [0x0000000080c00000, 0x0000000100000000)
  region size 1024K, 103 young (105472K), 9 survivors (9216K)
 Metaspace       used 67644K, capacity 69696K, committed 70016K, reserved 1110016K
  class space    used 9052K, capacity 9896K, committed 9984K, reserved 1048576K
GC Heap History (10 events):
Event: 15.685 GC heap before
{Heap before GC invocations=24 (full 0):
 garbage-first heap   total 227328K, used 181505K [0x0000000080c00000, 0x0000000100000000)
  region size 1024K, 133 young (136192K), 6 survivors (6144K)
 Metaspace       used 39238K, capacity 40518K, committed 40780K, reserved 1085440K
  class space    used 4944K, capacity 5472K, committed 5504K, reserved 1048576K
}
Event: 15.689 GC heap after
{Heap after GC invocations=25 (full 0):
 garbage-first heap   total 227328K, used 49924K [0x0000000080c00000, 0x0000000100000000)
  region size 1024K, 4 young (4096K), 4 survivors (4096K)
 Metaspace       used 39238K, capacity 40518K, committed 40780K, reserved 1085440K
  class space    used 4944K, capacity 5472K, committed 5504K, reserved 1048576K
}
Event: 16.421 GC heap before
{Heap before GC invocations=25 (full 0):
 garbage-first heap   total 227328K, used 182020K [0x0000000080c00000, 0x0000000100000000)
  region size 1024K, 133 young (136192K), 4 survivors (4096K)
 Metaspace       used 39238K, capacity 40518K, committed 40780K, reserved 1085440K
  class space    used 4944K, capacity 5472K, committed 5504K, reserved 1048576K
}
Event: 16.426 GC heap after
{Heap after GC invocations=26 (full 0):
 garbage-first heap   total 227328K, used 49695K [0x0000000080c00000, 0x0000000100000000)
  region size 1024K, 4 young (4096K), 4 survivors (4096K)
 Metaspace       used 39238K, capacity 40518K, committed 40780K, reserved 1085440K
  class space    used 4944K, capacity 5472K, committed 5504K, reserved 1048576K
}
Event: 17.148 GC heap before
{Heap before GC invocations=26 (full 0):
 garbage-first heap   total 227328K, used 181791K [0x0000000080c00000, 0x0000000100000000)
  region size 1024K, 133 young (136192K), 4 survivors (4096K)
 Metaspace       used 39238K, capacity 40518K, committed 40780K, reserved 1085440K
  class space    used 4944K, capacity 5472K, committed 5504K, reserved 1048576K
}
Event: 17.153 GC heap after
{Heap after GC invocations=27 (full 0):
 garbage-first heap   total 227328K, used 49817K [0x0000000080c00000, 0x0000000100000000)
  region size 1024K, 4 young (4096K), 4 survivors (4096K)
 Metaspace       used 39238K, capacity 40518K, committed 40780K, reserved 1085440K
  class space    used 4944K, capacity 5472K, committed 5504K, reserved 1048576K
}
Event: 36.598 GC heap before
{Heap before GC invocations=27 (full 0):
 garbage-first heap   total 227328K, used 181913K [0x0000000080c00000, 0x0000000100000000)
  region size 1024K, 133 young (136192K), 4 survivors (4096K)
 Metaspace       used 55179K, capacity 56700K, committed 56780K, reserved 1097728K
  class space    used 7281K, capacity 7893K, committed 7936K, reserved 1048576K
}
Event: 36.611 GC heap after
{Heap after GC invocations=28 (full 0):
 garbage-first heap   total 227328K, used 55054K [0x0000000080c00000, 0x0000000100000000)
  region size 1024K, 9 young (9216K), 9 survivors (9216K)
 Metaspace       used 55179K, capacity 56700K, committed 56780K, reserved 1097728K
  class space    used 7281K, capacity 7893K, committed 7936K, reserved 1048576K
}
Event: 38.037 GC heap before
{Heap before GC invocations=28 (full 0):
 garbage-first heap   total 227328K, used 87822K [0x0000000080c00000, 0x0000000100000000)
  region size 1024K, 42 young (43008K), 9 survivors (9216K)
 Metaspace       used 58630K, capacity 60136K, committed 60288K, reserved 1101824K
  class space    used 7774K, capacity 8396K, committed 8448K, reserved 1048576K
}
Event: 38.052 GC heap after
{Heap after GC invocations=29 (full 0):
 garbage-first heap   total 227328K, used 56828K [0x0000000080c00000, 0x0000000100000000)
  region size 1024K, 9 young (9216K), 9 survivors (9216K)
 Metaspace       used 58630K, capacity 60136K, committed 60288K, reserved 1101824K
  class space    used 7774K, capacity 8396K, committed 8448K, reserved 1048576K
}

